FIRST Robotics/FTC/Archive/Robotics FTC 17-18/ftc_app-master/ftc_app-master/FtcRobotController/build/outputs/logs/manifest-merger-debug-report.txt
-- Merging decision tree log ---
manifest
ADDED from src\main\AndroidManifest.xml:2:1-65:12
INJECTED from src\main\AndroidManifest.xml:2:1-65:12
INJECTED from src\main\AndroidManifest.xml:2:1-65:12
INJECTED from src\main\AndroidManifest.xml:2:1-65:12
INJECTED from src\main\AndroidManifest.xml:2:1-65:12
INJECTED from src\main\AndroidManifest.xml:2:1-65:12
INJECTED from src\main\AndroidManifest.xml:2:1-65:12
	package
		ADDED from src\main\AndroidManifest.xml:4:11-52
		INJECTED from src\main\AndroidManifest.xml
		INJECTED from src\main\AndroidManifest.xml
	android:versionName
		ADDED from src\main\AndroidManifest.xml:6:11-36
		INJECTED from src\main\AndroidManifest.xml
		INJECTED from src\main\AndroidManifest.xml
	xmlns:tools
		ADDED from src\main\AndroidManifest.xml:3:11-57
	xmlns:android
		ADDED from src\main\AndroidManifest.xml:2:11-69
	android:versionCode
		ADDED from src\main\AndroidManifest.xml:5:11-35
		INJECTED from src\main\AndroidManifest.xml
		INJECTED from src\main\AndroidManifest.xml
uses-permission#android.permission.RECEIVE_BOOT_COMPLETED
ADDED from src\main\AndroidManifest.xml:8:3-79
	android:name
		ADDED from src\main\AndroidManifest.xml:8:20-76
application
ADDED from src\main\AndroidManifest.xml:10:3-63:17
	android:label
		ADDED from src\main\AndroidManifest.xml:14:5-37
	android:largeHeap
		ADDED from src\main\AndroidManifest.xml:12:5-29
	android:icon
		ADDED from src\main\AndroidManifest.xml:13:5-41
	android:allowBackup
		ADDED from src\main\AndroidManifest.xml:11:5-31
	android:theme
		ADDED from src\main\AndroidManifest.xml:15:5-36
activity#org.firstinspires.ftc.robotcontroller.internal.FtcRobotControllerActivity
ADDED from src\main\AndroidManifest.xml:18:5-36:16
	android:label
		ADDED from src\main\AndroidManifest.xml:21:7-39
	android:launchMode
		ADDED from src\main\AndroidManifest.xml:22:7-38
	android:configChanges
		ADDED from src\main\AndroidManifest.xml:20:7-53
	android:name
		ADDED from src\main\AndroidManifest.xml:19:7-95
intent-filter#action:name:android.intent.action.MAIN+category:name:android.intent.category.LAUNCHER
ADDED from src\main\AndroidManifest.xml:24:7-27:23
category#android.intent.category.LAUNCHER
ADDED from src\main\AndroidManifest.xml:25:9-69
	android:name
		ADDED from src\main\AndroidManifest.xml:25:19-66
action#android.intent.action.MAIN
ADDED from src\main\AndroidManifest.xml:26:9-61
	android:name
		ADDED from src\main\AndroidManifest.xml:26:17-58
intent-filter#action:name:android.hardware.usb.action.USB_DEVICE_ATTACHED
ADDED from src\main\AndroidManifest.xml:29:7-31:23
action#android.hardware.usb.action.USB_DEVICE_ATTACHED
ADDED from src\main\AndroidManifest.xml:30:9-82
	android:name
		ADDED from src\main\AndroidManifest.xml:30:17-79
meta-data#android.hardware.usb.action.USB_DEVICE_ATTACHED
ADDED from src\main\AndroidManifest.xml:33:7-35:49
	android:resource
		ADDED from src\main\AndroidManifest.xml:35:9-46
	android:name
		ADDED from src\main\AndroidManifest.xml:34:9-71
receiver#org.firstinspires.ftc.robotcontroller.internal.RunOnStartup
ADDED from src\main\AndroidManifest.xml:39:5-51:16
	android:enabled
		ADDED from src\main\AndroidManifest.xml:40:9-31
	android:exported
		ADDED from src\main\AndroidManifest.xml:41:9-32
	android:permission
		ADDED from src\main\AndroidManifest.xml:43:9-71
	android:name
		ADDED from src\main\AndroidManifest.xml:42:9-83
intent-filter#action:name:android.intent.action.BOOT_COMPLETED+action:name:android.intent.action.QUICKBOOT_POWERON+category:name:android.intent.category.DEFAULT
ADDED from src\main\AndroidManifest.xml:45:7-49:23
category#android.intent.category.DEFAULT
ADDED from src\main\AndroidManifest.xml:46:9-68
	android:name
		ADDED from src\main\AndroidManifest.xml:46:19-65
action#android.intent.action.BOOT_COMPLETED
ADDED from src\main\AndroidManifest.xml:47:9-71
	android:name
		ADDED from src\main\AndroidManifest.xml:47:17-68
action#android.intent.action.QUICKBOOT_POWERON
ADDED from src\main\AndroidManifest.xml:48:9-74
	android:name
		ADDED from src\main\AndroidManifest.xml:48:17-71
service#com.qualcomm.ftccommon.FtcRobotControllerService
ADDED from src\main\AndroidManifest.xml:54:5-56:32
	android:enabled
		ADDED from src\main\AndroidManifest.xml:56:7-29
	android:name
		ADDED from src\main\AndroidManifest.xml:55:7-70
service#org.firstinspires.ftc.robotcontroller.internal.FtcRobotControllerWatchdogService
ADDED from src\main\AndroidManifest.xml:59:5-61:32
	android:enabled
		ADDED from src\main\AndroidManifest.xml:61:7-29
	android:name
		ADDED from src\main\AndroidManifest.xml:60:7-102
uses-sdk
INJECTED from src\main\AndroidManifest.xml reason: use-sdk injection requested
INJECTED from src\main\AndroidManifest.xml
INJECTED from src\main\AndroidManifest.xml
INJECTED from src\main\AndroidManifest.xml
INJECTED from src\main\AndroidManifest.xml
	android:targetSdkVersion
		INJECTED from src\main\AndroidManifest.xml
		ADDED from src\main\AndroidManifest.xml
		INJECTED from src\main\AndroidManifest.xml
	android:minSdkVersion
		INJECTED from src\main\AndroidManifest.xml
		ADDED from src\main\AndroidManifest.xml
		INJECTED from src\main\AndroidManifest.xml